0 info it worked if it ends with ok
1 verbose cli [ 'node', '/usr/local/bin/npm', 'install', 'bindonce' ]
2 info using npm@1.3.6
3 info using node@v0.10.13
4 verbose node symlink /usr/bin/node
5 warn package.json 4tree@0.0.0 No description
6 warn package.json 4tree@0.0.0 No repository field.
7 warn package.json 4tree@0.0.0 No README data
8 verbose readDependencies using package.json deps
9 verbose cache add [ 'bindonce', null ]
10 verbose cache add name=undefined spec="bindonce" args=["bindonce",null]
11 verbose parsed url { protocol: null,
11 verbose parsed url   slashes: null,
11 verbose parsed url   auth: null,
11 verbose parsed url   host: null,
11 verbose parsed url   port: null,
11 verbose parsed url   hostname: null,
11 verbose parsed url   hash: null,
11 verbose parsed url   search: null,
11 verbose parsed url   query: null,
11 verbose parsed url   pathname: 'bindonce',
11 verbose parsed url   path: 'bindonce',
11 verbose parsed url   href: 'bindonce' }
12 silly lockFile 66c75421-bindonce bindonce
13 verbose lock bindonce /Users/iBook/.npm/66c75421-bindonce.lock
14 silly lockFile 66c75421-bindonce bindonce
15 silly lockFile 66c75421-bindonce bindonce
16 verbose addNamed [ 'bindonce', '' ]
17 verbose addNamed [ null, '*' ]
18 silly lockFile 39dee53e-bindonce bindonce@
19 verbose lock bindonce@ /Users/iBook/.npm/39dee53e-bindonce.lock
20 silly addNameRange { name: 'bindonce', range: '*', hasData: false }
21 verbose url raw bindonce
22 verbose url resolving [ 'https://registry.npmjs.org/', './bindonce' ]
23 verbose url resolved https://registry.npmjs.org/bindonce
24 info trying registry request attempt 1 at 23:14:56
25 http GET https://registry.npmjs.org/bindonce
26 http 404 https://registry.npmjs.org/bindonce
27 silly registry.get cb [ 404,
27 silly registry.get   { date: 'Wed, 29 Jan 2014 17:14:57 GMT',
27 silly registry.get     server: 'CouchDB/1.5.0 (Erlang OTP/R15B03)',
27 silly registry.get     'content-type': 'application/json',
27 silly registry.get     'cache-control': 'max-age=0',
27 silly registry.get     'content-length': '52',
27 silly registry.get     'accept-ranges': 'bytes',
27 silly registry.get     via: '1.1 varnish',
27 silly registry.get     age: '0',
27 silly registry.get     'x-served-by': 'cache-fra1224-FRA',
27 silly registry.get     'x-cache': 'MISS',
27 silly registry.get     'x-cache-hits': '0',
27 silly registry.get     'x-timer': 'S1391015697.598056555,VS0,VE136',
27 silly registry.get     'keep-alive': 'timeout=10, max=50',
27 silly registry.get     connection: 'Keep-Alive' } ]
28 silly lockFile 39dee53e-bindonce bindonce@
29 silly lockFile 39dee53e-bindonce bindonce@
30 error 404 'bindonce' is not in the npm registry.
30 error 404 You should bug the author to publish it
30 error 404
30 error 404 Note that you can also install from a
30 error 404 tarball, folder, or http url, or git url.
31 error System Darwin 13.0.2
32 error command "node" "/usr/local/bin/npm" "install" "bindonce"
33 error cwd /Users/iBook/webapps/4tree
34 error node -v v0.10.13
35 error npm -v 1.3.6
36 error code E404
37 verbose exit [ 1, true ]
